TN:
SF:src/components/Form/Button/index.tsx
FN:14,Button
FNF:1
FNH:0
FNDA:0,Button
DA:15,0
LF:1
LH:0
BRF:0
BRH:0
end_of_record
TN:
SF:src/components/Form/CategorySelectButton/index.tsx
FN:15,CategorySelectButton
FNF:1
FNH:0
FNDA:0,CategorySelectButton
DA:17,0
LF:1
LH:0
BRF:0
BRH:0
end_of_record
TN:
SF:src/components/Form/Input/index.tsx
FN:12,Input
FNF:1
FNH:1
FNDA:1,Input
DA:13,1
LF:1
LH:1
BRDA:12,0,0,0
BRF:1
BRH:0
end_of_record
TN:
SF:src/components/Form/InputForm/index.tsx
FN:14,InputForm
FN:19,(anonymous_1)
FNF:2
FNH:0
FNDA:0,InputForm
FNDA:0,(anonymous_1)
DA:15,0
DA:20,0
LF:2
LH:0
BRDA:28,0,0,0
BRDA:28,0,1,0
BRF:2
BRH:0
end_of_record
TN:
SF:src/components/Form/TransactionTypeButton/index.tsx
FN:21,TransactionTypeButton
FNF:1
FNH:0
FNDA:0,TransactionTypeButton
DA:10,0
DA:22,0
LF:2
LH:0
BRF:0
BRH:0
end_of_record
TN:
SF:src/components/HighlightCard/index.tsx
FN:26,HighlightCard
FNF:1
FNH:0
FNDA:0,HighlightCard
DA:20,0
DA:33,0
LF:2
LH:0
BRF:0
BRH:0
end_of_record
TN:
SF:src/components/HistoryCard/index.tsx
FN:15,HistoryCard
FNF:1
FNH:0
FNDA:0,HistoryCard
DA:20,0
LF:1
LH:0
BRF:0
BRH:0
end_of_record
TN:
SF:src/components/QuestionCard/index.tsx
FN:5,QuestionCard
FN:8,(anonymous_1)
FN:12,(anonymous_2)
FN:25,(anonymous_3)
FN:32,(anonymous_4)
FN:34,(anonymous_5)
FNF:6
FNH:0
FNDA:0,QuestionCard
FNDA:0,(anonymous_1)
FNDA:0,(anonymous_2)
FNDA:0,(anonymous_3)
FNDA:0,(anonymous_4)
FNDA:0,(anonymous_5)
DA:6,0
DA:8,0
DA:9,0
DA:12,0
DA:14,0
DA:24,0
DA:25,0
DA:31,0
DA:32,0
DA:34,0
LF:10
LH:0
BRDA:16,0,0,0
BRDA:16,0,1,0
BRF:2
BRH:0
end_of_record
TN:
SF:src/components/SignInSocialButton/index.tsx
FN:16,SignInSocialButton
FNF:1
FNH:0
FNDA:0,SignInSocialButton
DA:21,0
LF:1
LH:0
BRF:0
BRH:0
end_of_record
TN:
SF:src/components/TransactionCard/index.tsx
FN:26,TransactionCard
FN:29,(anonymous_1)
FNF:2
FNH:0
FNDA:0,TransactionCard
FNDA:0,(anonymous_1)
DA:28,0
DA:29,0
DA:32,0
LF:3
LH:0
BRDA:39,0,0,0
BRDA:39,0,1,0
BRF:2
BRH:0
end_of_record
TN:
SF:src/hooks/auth.tsx
FN:45,AuthProvider
FN:51,signInWithGoogle
FN:113,signOut
FN:118,(anonymous_3)
FN:119,loadUseStorageData
FN:145,useAuth
FNF:6
FNH:0
FNDA:0,AuthProvider
FNDA:0,signInWithGoogle
FNDA:0,signOut
FNDA:0,(anonymous_3)
FNDA:0,loadUseStorageData
FNDA:0,useAuth
DA:9,0
DA:10,0
DA:43,0
DA:46,0
DA:47,0
DA:49,0
DA:52,0
DA:53,0
DA:54,0
DA:56,0
DA:58,0
DA:61,0
DA:62,0
DA:64,0
DA:66,0
DA:73,0
DA:74,0
DA:78,0
DA:114,0
DA:115,0
DA:118,0
DA:120,0
DA:122,0
DA:123,0
DA:124,0
DA:126,0
DA:129,0
DA:132,0
DA:146,0
DA:148,0
LF:30
LH:0
BRDA:61,0,0,0
BRDA:61,0,1,0
BRDA:122,1,0,0
BRDA:122,1,1,0
BRF:4
BRH:0
end_of_record
TN:
SF:src/routes/app.routes.tsx
FN:14,AppRoutes
FN:34,(anonymous_1)
FN:48,(anonymous_2)
FN:62,(anonymous_3)
FNF:4
FNH:0
FNDA:0,AppRoutes
FNDA:0,(anonymous_1)
FNDA:0,(anonymous_2)
FNDA:0,(anonymous_3)
DA:12,0
DA:15,0
DA:17,0
DA:35,0
DA:49,0
DA:63,0
LF:6
LH:0
BRDA:26,0,0,0
BRDA:26,0,1,0
BRF:2
BRH:0
end_of_record
TN:
SF:src/routes/auth.routes.tsx
FN:9,AuthRoutes
FNF:1
FNH:0
FNDA:0,AuthRoutes
DA:7,0
DA:10,0
LF:2
LH:0
BRF:0
BRH:0
end_of_record
TN:
SF:src/routes/index.tsx
FN:8,Routes
FNF:1
FNH:0
FNDA:0,Routes
DA:10,0
DA:11,0
LF:2
LH:0
BRDA:13,0,0,0
BRDA:13,0,1,0
BRF:2
BRH:0
end_of_record
TN:
SF:src/screens/CategorySelect/index.tsx
FN:28,CategorySelect
FN:34,handleCategorySelect
FN:46,(anonymous_2)
FN:47,(anonymous_3)
FN:49,(anonymous_4)
FN:56,(anonymous_5)
FNF:6
FNH:0
FNDA:0,CategorySelect
FNDA:0,handleCategorySelect
FNDA:0,(anonymous_2)
FNDA:0,(anonymous_3)
FNDA:0,(anonymous_4)
FNDA:0,(anonymous_5)
DA:35,0
DA:38,0
DA:46,0
DA:48,0
DA:49,0
DA:56,0
LF:6
LH:0
BRF:0
BRH:0
end_of_record
TN:
SF:src/screens/Dashboard/index.tsx
FN:48,Dashboard
FN:57,getLastTransactionDate
FN:62,(anonymous_2)
FN:69,(anonymous_3)
FN:75,loadTransactions
FN:84,(anonymous_5)
FN:155,(anonymous_6)
FN:159,(anonymous_7)
FN:215,(anonymous_8)
FN:216,(anonymous_9)
FN:218,(anonymous_10)
FNF:11
FNH:0
FNDA:0,Dashboard
FNDA:0,getLastTransactionDate
FNDA:0,(anonymous_2)
FNDA:0,(anonymous_3)
FNDA:0,loadTransactions
FNDA:0,(anonymous_5)
FNDA:0,(anonymous_6)
FNDA:0,(anonymous_7)
FNDA:0,(anonymous_8)
FNDA:0,(anonymous_9)
FNDA:0,(anonymous_10)
DA:50,0
DA:51,0
DA:52,0
DA:54,0
DA:55,0
DA:61,0
DA:62,0
DA:64,0
DA:65,0
DA:68,0
DA:69,0
DA:72,0
DA:76,0
DA:77,0
DA:78,0
DA:80,0
DA:81,0
DA:83,0
DA:86,0
DA:87,0
DA:89,0
DA:92,0
DA:98,0
DA:100,0
DA:110,0
DA:112,0
DA:113,0
DA:114,0
DA:118,0
DA:120,0
DA:151,0
DA:155,0
DA:156,0
DA:159,0
DA:160,0
DA:164,0
DA:215,0
DA:216,0
DA:219,0
LF:39
LH:0
BRDA:64,0,0,0
BRDA:64,0,1,0
BRDA:78,1,0,0
BRDA:78,1,1,0
BRDA:86,2,0,0
BRDA:86,2,1,0
BRDA:114,3,0,0
BRDA:114,3,1,0
BRDA:127,4,0,0
BRDA:127,4,1,0
BRDA:137,5,0,0
BRDA:137,5,1,0
BRDA:167,6,0,0
BRDA:167,6,1,0
BRF:14
BRH:0
end_of_record
TN:
SF:src/screens/Feedback/index.tsx
FN:27,Feedback
FN:54,(anonymous_1)
FN:58,(anonymous_2)
FN:80,(anonymous_3)
FN:102,(anonymous_4)
FN:103,(anonymous_5)
FNF:6
FNH:0
FNDA:0,Feedback
FNDA:0,(anonymous_1)
FNDA:0,(anonymous_2)
FNDA:0,(anonymous_3)
FNDA:0,(anonymous_4)
FNDA:0,(anonymous_5)
DA:28,0
DA:29,0
DA:31,0
DA:54,0
DA:55,0
DA:58,0
DA:59,0
DA:60,0
DA:61,0
DA:62,0
DA:64,0
DA:68,0
DA:80,0
DA:102,0
DA:103,0
LF:15
LH:0
BRDA:59,0,0,0
BRDA:59,0,1,0
BRDA:88,1,0,0
BRDA:88,1,1,0
BRF:4
BRH:0
end_of_record
TN:
SF:src/screens/Profile/index.tsx
FN:4,Profile
FN:23,(anonymous_1)
FNF:2
FNH:1
FNDA:3,Profile
FNDA:0,(anonymous_1)
DA:5,3
LF:1
LH:1
BRF:0
BRH:0
end_of_record
TN:
SF:src/screens/Register/index.tsx
FN:43,Register
FN:65,handleTransactionTypeSelect
FN:69,handleOpenSelectCategoryModal
FN:73,handleCloseSelectCategoryModal
FN:77,handleRegister
FN:155,(anonymous_5)
FN:162,(anonymous_6)
FNF:7
FNH:0
FNDA:0,Register
FNDA:0,handleTransactionTypeSelect
FNDA:0,handleOpenSelectCategoryModal
FNDA:0,handleCloseSelectCategoryModal
FNDA:0,handleRegister
FNDA:0,(anonymous_5)
FNDA:0,(anonymous_6)
DA:32,0
DA:45,0
DA:46,0
DA:47,0
DA:49,0
DA:54,0
DA:61,0
DA:66,0
DA:70,0
DA:74,0
DA:79,0
DA:80,0
DA:83,0
DA:84,0
DA:87,0
DA:96,0
DA:97,0
DA:98,0
DA:99,0
DA:101,0
DA:106,0
DA:108,0
DA:109,0
DA:110,0
DA:115,0
DA:118,0
DA:119,0
DA:123,0
DA:155,0
DA:162,0
LF:30
LH:0
BRDA:79,0,0,0
BRDA:79,0,1,0
BRDA:83,1,0,0
BRDA:83,1,1,0
BRDA:99,2,0,0
BRDA:99,2,1,0
BRDA:139,3,0,0
BRDA:139,3,1,0
BRDA:147,4,0,0
BRDA:147,4,1,0
BRF:10
BRH:0
end_of_record
TN:
SF:src/screens/Resume/index.tsx
FN:48,Resume
FN:58,handleDateChange
FN:69,loadData
FN:76,(anonymous_3)
FN:82,(anonymous_4)
FN:88,(anonymous_5)
FN:91,(anonymous_6)
FN:121,(anonymous_7)
FN:139,(anonymous_8)
FN:147,(anonymous_9)
FN:160,(anonymous_10)
FN:176,(anonymous_11)
FNF:12
FNH:0
FNDA:0,Resume
FNDA:0,handleDateChange
FNDA:0,loadData
FNDA:0,(anonymous_3)
FNDA:0,(anonymous_4)
FNDA:0,(anonymous_5)
FNDA:0,(anonymous_6)
FNDA:0,(anonymous_7)
FNDA:0,(anonymous_8)
FNDA:0,(anonymous_9)
FNDA:0,(anonymous_10)
FNDA:0,(anonymous_11)
DA:50,0
DA:51,0
DA:52,0
DA:54,0
DA:56,0
DA:60,0
DA:61,0
DA:62,0
DA:64,0
DA:65,0
DA:70,0
DA:71,0
DA:72,0
DA:73,0
DA:75,0
DA:77,0
DA:82,0
DA:83,0
DA:86,0
DA:88,0
DA:89,0
DA:91,0
DA:92,0
DA:93,0
DA:97,0
DA:98,0
DA:104,0
DA:106,0
DA:117,0
DA:118,0
DA:121,0
DA:122,0
DA:125,0
DA:139,0
DA:147,0
DA:160,0
DA:177,0
LF:37
LH:0
BRDA:60,0,0,0
BRDA:60,0,1,0
BRDA:73,1,0,0
BRDA:73,1,1,0
BRDA:77,2,0,0
BRDA:77,2,1,0
BRDA:77,2,2,0
BRDA:92,3,0,0
BRDA:92,3,1,0
BRDA:97,4,0,0
BRDA:97,4,1,0
BRDA:132,5,0,0
BRDA:132,5,1,0
BRDA:153,6,0,0
BRDA:153,6,1,0
BRF:15
BRH:0
end_of_record
TN:
SF:src/screens/SignIn/index.tsx
FN:25,SignIn
FN:30,HandleSignInWithGoogle
FN:41,HandleSignInWithApple
FNF:3
FNH:0
FNDA:0,SignIn
FNDA:0,HandleSignInWithGoogle
FNDA:0,HandleSignInWithApple
DA:26,0
DA:27,0
DA:28,0
DA:31,0
DA:32,0
DA:33,0
DA:35,0
DA:36,0
DA:37,0
DA:42,0
DA:43,0
DA:44,0
DA:46,0
DA:47,0
DA:48,0
DA:52,0
LF:16
LH:0
BRDA:87,0,0,0
BRDA:87,0,1,0
BRDA:96,1,0,0
BRDA:96,1,1,0
BRF:4
BRH:0
end_of_record
